<?xml version="1.0" encoding="UTF-8"?>
<testsuite xmlns:xsi="http://www.w3.org/2001/XMLSchema-instance" xsi:noNamespaceSchemaLocation="https://maven.apache.org/surefire/maven-surefire-plugin/xsd/surefire-test-report-3.0.xsd" version="3.0" name="com.htl.pojo.ChucVuTest" time="0.001" tests="5" errors="0" skipped="0" failures="0">
  <properties>
[...]
</properties>
  <testcase name="testGetTenChucVu" classname="com.htl.pojo.ChucVuTest" time="0"/>
  <testcase name="testGetId" classname="com.htl.pojo.ChucVuTest" time="0"/>
  <testcase name="testSetId" classname="com.htl.pojo.ChucVuTest" time="0"/>
  <testcase name="testToString" classname="com.htl.pojo.ChucVuTest" time="0"/>
  <testcase name="testSetTenChucVu" classname="com.htl.pojo.ChucVuTest" time="0"/>
</testsuite>